<?xml version="1.0" encoding="UTF-8"?>
<!-- Generated by org.testng.reporters.JUnitXMLReporter -->
<testsuite hostname="vwnb0082" ignored="0" name="ChromeTest" tests="8" failures="0" timestamp="19 Aug 2019 20:34:32 GMT" time="275.732" errors="0">
  <testcase name="negativeLoginTest1" time="8.601" classname="com.sandbox.qa.NegativeLogInTest1"/>
  <testcase name="negativeLoginTest2" time="8.536" classname="com.sandbox.qa.NegativeLogInTest2"/>
  <testcase name="forgotPasswordTest" time="12.018" classname="com.sandbox.qa.ForgotPasswordTest"/>
  <testcase name="redirectionTest" time="9.658" classname="com.sandbox.qa.RedirectionToWebSiteTest"/>
  <testcase name="loginTest" time="9.156" classname="com.sandbox.qa.LogInTest"/>
  <testcase name="removeTestCases" time="50.782" classname="com.sandbox.qa.RemoveTestCases"/>
  <testcase name="addTestCases" time="67.181" classname="com.sandbox.qa.AddTestCases"/>
  <testcase name="editTestCases" time="48.548" classname="com.sandbox.qa.EditTestCases"/>
</testsuite> <!-- ChromeTest -->
