<?xml version="1.0" encoding="UTF-8"?>
<!-- Generated by org.testng.reporters.JUnitXMLReporter -->
<testsuite hostname="vwnb0082" ignored="0" name="FirefoxTest" tests="8" failures="0" timestamp="19 Aug 2019 20:39:16 GMT" time="284.281" errors="0">
  <testcase name="negativeLoginTest1" time="7.76" classname="com.sandbox.qa.NegativeLogInTest1"/>
  <testcase name="negativeLoginTest2" time="7.812" classname="com.sandbox.qa.NegativeLogInTest2"/>
  <testcase name="forgotPasswordTest" time="11.529" classname="com.sandbox.qa.ForgotPasswordTest"/>
  <testcase name="redirectionTest" time="6.955" classname="com.sandbox.qa.RedirectionToWebSiteTest"/>
  <testcase name="loginTest" time="8.198" classname="com.sandbox.qa.LogInTest"/>
  <testcase name="removeTestCases" time="52.253" classname="com.sandbox.qa.RemoveTestCases"/>
  <testcase name="addTestCases" time="65.758" classname="com.sandbox.qa.AddTestCases"/>
  <testcase name="editTestCases" time="46.004" classname="com.sandbox.qa.EditTestCases"/>
</testsuite> <!-- FirefoxTest -->
